<?xml version="1.0" encoding="UTF-8" ?>
<testsuite failures="0" time="0.01" errors="0" skipped="0" tests="4" name="org.vle.aid.taverna.test.AIDBuildTreeTableNodeTest">
  <properties>
[...]
</properties>
  <testcase time="0.001" classname="org.vle.aid.taverna.test.AIDBuildTreeTableNodeTest" name="testEquals"/>
  <testcase time="0.001" classname="org.vle.aid.taverna.test.AIDBuildTreeTableNodeTest" name="testAddChild"/>
  <testcase time="0" classname="org.vle.aid.taverna.test.AIDBuildTreeTableNodeTest" name="testRemoveChildStrings"/>
  <testcase time="0" classname="org.vle.aid.taverna.test.AIDBuildTreeTableNodeTest" name="testRemoveChildObject"/>
</testsuite>